INFO basehttp 124 "GET /api/evaluaterankmovielist/?page=5 HTTP/1.0" 200 3142
INFO basehttp 124 "GET /api/evaluaterankmovielist/?page=7 HTTP/1.0" 200 2920
INFO basehttp 124 "GET /api/evaluaterankmovielist/?page=9 HTTP/1.0" 200 3017
INFO basehttp 124 "GET /api/clickrank/ HTTP/1.0" 200 907
INFO basehttp 124 "GET /api/friendlink/ HTTP/1.0" 200 134
INFO basehttp 124 "GET /api/movies/?page=1 HTTP/1.0" 200 2811
INFO basehttp 124 "GET /api/evaluaterankmovielist/?page=1 HTTP/1.0" 200 3001
INFO basehttp 124 "GET /api/friendlink/ HTTP/1.0" 200 134
INFO basehttp 124 "GET /api/clickrank/ HTTP/1.0" 200 907
INFO basehttp 124 "GET /api/evaluate/ HTTP/1.0" 200 608
INFO basehttp 124 "GET /api/friendlink/ HTTP/1.0" 200 134
INFO basehttp 124 "GET /api/clickrank/ HTTP/1.0" 200 907
INFO basehttp 124 "GET /api/evaluate/ HTTP/1.0" 200 608
INFO basehttp 124 "GET /api/cates/ HTTP/1.0" 200 246
INFO basehttp 124 "GET /api/tags/ HTTP/1.0" 200 283
INFO basehttp 124 "GET /api/evaluate/ HTTP/1.0" 200 608
INFO basehttp 124 "GET /api/clickrank/ HTTP/1.0" 200 907
INFO basehttp 124 "GET /api/movies/?page=1 HTTP/1.0" 200 2811
INFO basehttp 124 "GET /api/movies/?page=1 HTTP/1.0" 200 2811
INFO basehttp 124 "GET /api/friendlink/ HTTP/1.0" 200 134
INFO basehttp 124 "GET /api/movies/21/ HTTP/1.0" 200 2152
INFO basehttp 124 "GET /api/realtedmovie/cateid=3-21/?page=1 HTTP/1.0" 200 627
INFO basehttp 124 "GET /api/realtedmovie/cateid=3-21/?page=1 HTTP/1.0" 200 627
INFO basehttp 124 "GET /api/cates/ HTTP/1.0" 200 246
INFO basehttp 124 "GET /api/movies/?page=1 HTTP/1.0" 200 2811
INFO basehttp 124 "GET /api/clickrank/ HTTP/1.0" 200 907
INFO basehttp 124 "GET /api/friendlink/ HTTP/1.0" 200 134
INFO basehttp 124 "GET /api/tags/ HTTP/1.0" 200 283
INFO basehttp 124 "GET /api/evaluate/ HTTP/1.0" 200 608
INFO basehttp 124 "GET /api/movies/?page=1 HTTP/1.0" 200 2811
INFO basehttp 124 "GET /api/movies/21/ HTTP/1.0" 200 2152
/home/ubuntu/.virtualenvs/django/lib/python3.5/site-packages/rest_framework/pagination.py:198: UnorderedObjectListWarning: Pagination may yield inconsistent results with an unordered object_list: <class 'movie.models.Movie'> QuerySet.
  paginator = self.django_paginator_class(queryset, page_size)
INFO basehttp 124 "GET /api/occmovielist/?page=1 HTTP/1.0" 200 2856
INFO basehttp 124 "GET /api/clickrank/ HTTP/1.0" 200 907
INFO basehttp 124 "GET /api/movies/?page=1 HTTP/1.0" 200 2811
INFO basehttp 124 "GET /api/realtedmovie/cateid=3-21/?page=1 HTTP/1.0" 200 627
INFO basehttp 124 "GET /api/friendlink/ HTTP/1.0" 200 134
INFO basehttp 124 "GET /api/movies/?page=1 HTTP/1.0" 200 2811
INFO basehttp 124 "GET /api/occmovielist/?page=1 HTTP/1.0" 200 2856
INFO basehttp 124 "GET /api/clickrank/ HTTP/1.0" 200 907
INFO basehttp 124 "GET /api/cates/ HTTP/1.0" 200 246
INFO basehttp 124 "GET /api/movies/?page=1 HTTP/1.0" 200 2811
INFO basehttp 124 "GET /api/tags/ HTTP/1.0" 200 283
INFO basehttp 124 "GET /api/clickrank/ HTTP/1.0" 200 907
INFO basehttp 124 "GET /api/friendlink/ HTTP/1.0" 200 134
INFO basehttp 124 "GET /api/evaluate/ HTTP/1.0" 200 608
INFO basehttp 124 "GET /api/movies/?page=1 HTTP/1.0" 200 2811
INFO basehttp 124 "GET /api/movies/43/ HTTP/1.0" 200 1448
INFO basehttp 124 "GET /api/friendlink/ HTTP/1.0" 200 134
INFO basehttp 124 "GET /api/movies/?page=1 HTTP/1.0" 200 2811
INFO basehttp 124 "GET /api/clickrank/ HTTP/1.0" 200 907
INFO basehttp 124 "GET /api/evaluate/ HTTP/1.0" 200 608
INFO basehttp 124 "GET /api/querygetmovie/key=actors/id=268/?page=1 HTTP/1.0" 200 232
INFO basehttp 124 "GET /api/clickrank/ HTTP/1.0" 200 907
INFO basehttp 124 "GET /api/cates/ HTTP/1.0" 200 246
INFO basehttp 124 "GET /api/evaluate/ HTTP/1.0" 200 608
INFO basehttp 124 "GET /api/friendlink/ HTTP/1.0" 200 134
INFO basehttp 124 "GET /api/tags/ HTTP/1.0" 200 283
INFO basehttp 124 "GET /api/movies/?page=1 HTTP/1.0" 200 2811
INFO basehttp 124 "GET /api/movies/?page=1 HTTP/1.0" 200 2811
INFO basehttp 124 "GET /api/movies/22/ HTTP/1.0" 200 2391
INFO basehttp 124 "GET /api/realtedmovie/cateid=3/?page=1 HTTP/1.0" 200 623
INFO basehttp 124 "GET /api/friendlink/ HTTP/1.0" 200 134
INFO basehttp 124 "GET /api/clickrank/ HTTP/1.0" 200 907
INFO basehttp 124 "GET /api/evaluate/ HTTP/1.0" 200 608
INFO basehttp 124 "GET /api/movies/?page=1 HTTP/1.0" 200 2811
INFO basehttp 124 "GET /api/realtedmovie/cateid=21/?page=1 HTTP/1.0" 200 622
INFO basehttp 124 "GET /api/querygetmovie/key=categorys/id=21/?page=1 HTTP/1.0" 200 2751
INFO basehttp 124 "GET /api/cates/ HTTP/1.0" 200 246
INFO basehttp 124 "GET /api/movies/?page=1 HTTP/1.0" 200 2811
INFO basehttp 124 "GET /api/tags/ HTTP/1.0" 200 283
INFO basehttp 124 "GET /api/friendlink/ HTTP/1.0" 200 134
INFO basehttp 124 "GET /api/clickrank/ HTTP/1.0" 200 907
INFO basehttp 124 "GET /api/evaluate/ HTTP/1.0" 200 608
INFO basehttp 124 "GET /api/movies/?page=1 HTTP/1.0" 200 2811
INFO basehttp 124 "GET /api/movies/13/ HTTP/1.0" 200 882
INFO basehttp 124 "GET /api/realtedmovie/cateid=21/?page=1 HTTP/1.0" 200 622
INFO basehttp 124 "GET /api/friendlink/ HTTP/1.0" 200 134
INFO basehttp 124 "GET /api/movies/?page=1 HTTP/1.0" 200 2811
INFO basehttp 124 "GET /api/tags/ HTTP/1.0" 200 283
INFO basehttp 124 "GET /api/cates/ HTTP/1.0" 200 246
INFO basehttp 124 "GET /api/evaluate/ HTTP/1.0" 200 608
INFO basehttp 124 "GET /api/clickrank/ HTTP/1.0" 200 907
INFO basehttp 124 "GET /api/movies/?page=1 HTTP/1.0" 200 2811
INFO basehttp 124 "GET /api/movies/7760/ HTTP/1.0" 200 1583
INFO basehttp 124 "GET /api/realtedmovie/cateid=3-12/?page=1 HTTP/1.0" 200 626
INFO basehttp 124 "GET /api/friendlink/ HTTP/1.0" 200 134
INFO basehttp 124 "GET /api/tags/ HTTP/1.0" 200 283
INFO basehttp 124 "GET /api/cates/ HTTP/1.0" 200 246
INFO basehttp 124 "GET /api/clickrank/ HTTP/1.0" 200 907
INFO basehttp 124 "GET /api/evaluate/ HTTP/1.0" 200 608
INFO basehttp 124 "GET /api/movies/?page=1 HTTP/1.0" 200 2811
INFO basehttp 124 "GET /api/movies/4286/ HTTP/1.0" 200 1442
INFO basehttp 124 "GET /api/movies/?page=1 HTTP/1.0" 200 2811
INFO basehttp 124 "GET /api/realtedmovie/cateid=3-21/?page=1 HTTP/1.0" 200 627
INFO basehttp 124 "GET /api/realtedmovie/cateid=3-21/?page=2 HTTP/1.0" 200 687
INFO basehttp 124 "GET /api/realtedmovie/cateid=3-21/?page=2 HTTP/1.0" 200 687
INFO basehttp 124 "GET /api/realtedmovie/cateid=3-21/?page=2 HTTP/1.0" 200 687
INFO basehttp 124 "GET /api/clickrank/ HTTP/1.0" 200 907
INFO basehttp 124 "GET /api/evaluate/ HTTP/1.0" 200 608
INFO basehttp 124 "GET /api/friendlink/ HTTP/1.0" 200 134
INFO basehttp 124 "GET /api/movies/?page=1 HTTP/1.0" 200 2811
INFO basehttp 124 "GET /api/querygetmovie/key=actors/id=15718/?page=1 HTTP/1.0" 200 2592
INFO basehttp 124 "GET /api/realtedmovie/cateid=3-21/?page=5 HTTP/1.0" 200 775
INFO basehttp 124 "GET /api/friendlink/ HTTP/1.0" 200 134
INFO basehttp 124 "GET /api/clickrank/ HTTP/1.0" 200 907
INFO basehttp 124 "GET /api/movies/?page=1 HTTP/1.0" 200 2811
INFO basehttp 124 "GET /api/evaluaterankmovielist/?page=1 HTTP/1.0" 200 3001
INFO basehttp 124 "GET /api/tags/ HTTP/1.0" 200 283
INFO basehttp 124 "GET /api/cates/ HTTP/1.0" 200 246
INFO basehttp 124 "GET /api/movies/?page=1 HTTP/1.0" 200 2811
INFO basehttp 124 "GET /api/clickrank/ HTTP/1.0" 200 907
INFO basehttp 124 "GET /api/friendlink/ HTTP/1.0" 200 134
INFO basehttp 124 "GET /api/evaluate/ HTTP/1.0" 200 608
INFO basehttp 124 "GET /api/movies/?page=1 HTTP/1.0" 200 2811
INFO basehttp 124 "GET /api/movies/11554/ HTTP/1.0" 200 830
INFO basehttp 124 "GET /api/realtedmovie/cateid=24-192/?page=1 HTTP/1.0" 200 716
INFO basehttp 124 "GET /api/cates/ HTTP/1.0" 200 246
INFO basehttp 124 "GET /api/movies/?page=1 HTTP/1.0" 200 2811
INFO basehttp 124 "GET /api/tags/ HTTP/1.0" 200 283
INFO basehttp 124 "GET /api/evaluate/ HTTP/1.0" 200 608
INFO basehttp 124 "GET /api/clickrank/ HTTP/1.0" 200 907
INFO basehttp 124 "GET /api/friendlink/ HTTP/1.0" 200 134
INFO basehttp 124 "GET /api/movies/?page=1 HTTP/1.0" 200 2811
INFO basehttp 124 "GET /api/movies/?page=1 HTTP/1.0" 200 2811
INFO basehttp 124 "GET /api/tags/ HTTP/1.0" 200 283
INFO basehttp 124 "GET /api/cates/ HTTP/1.0" 200 246
INFO basehttp 124 "GET /api/clickrank/ HTTP/1.0" 200 907
INFO basehttp 124 "GET /api/evaluate/ HTTP/1.0" 200 600
INFO basehttp 124 "GET /api/movies/?page=1 HTTP/1.0" 200 2811
INFO basehttp 124 "GET /api/friendlink/ HTTP/1.0" 200 134
INFO basehttp 124 "GET /api/tags/ HTTP/1.0" 200 283
INFO basehttp 124 "GET /api/cates/ HTTP/1.0" 200 246
INFO basehttp 124 "GET /api/clickrank/ HTTP/1.0" 200 907
INFO basehttp 124 "GET /api/movies/?page=1 HTTP/1.0" 200 2811
INFO basehttp 124 "GET /api/evaluate/ HTTP/1.0" 200 600
INFO basehttp 124 "GET /api/friendlink/ HTTP/1.0" 200 134
INFO basehttp 124 "GET /api/movies/?page=1 HTTP/1.0" 200 2811
INFO basehttp 124 "GET /api/movies/911/ HTTP/1.0" 200 1924
INFO basehttp 124 "GET /api/realtedmovie/cateid=3-21/?page=1 HTTP/1.0" 200 627
INFO basehttp 124 "GET /api/realtedmovie/cateid=3-21/?page=2 HTTP/1.0" 200 687
INFO basehttp 124 "GET /api/clickrank/ HTTP/1.0" 200 907
INFO basehttp 124 "GET /api/evaluate/ HTTP/1.0" 200 600
INFO basehttp 124 "GET /api/friendlink/ HTTP/1.0" 200 134
INFO basehttp 124 "GET /api/evaluate/ HTTP/1.0" 200 600
INFO basehttp 124 "GET /api/clickrank/ HTTP/1.0" 200 907
INFO basehttp 124 "GET /api/movies/?page=1 HTTP/1.0" 200 2811
INFO basehttp 124 "GET /api/friendlink/ HTTP/1.0" 200 134
INFO basehttp 124 "GET /api/subjects/ HTTP/1.0" 200 600
INFO basehttp 124 "GET /admin HTTP/1.0" 301 0
INFO basehttp 124 "GET /admin/ HTTP/1.0" 302 0
INFO basehttp 124 "GET /admin/login/?next=/admin/ HTTP/1.0" 200 1652
INFO basehttp 124 "POST /admin/login/?next=/admin/ HTTP/1.0" 302 0
INFO basehttp 124 "GET /admin/ HTTP/1.0" 200 4771
INFO basehttp 124 "GET /admin/ HTTP/1.0" 200 4771
INFO basehttp 124 "GET /admin/ HTTP/1.0" 200 4771
INFO basehttp 124 "GET /static/admin/css/dashboard.css HTTP/1.0" 200 412
INFO basehttp 124 "GET /static/admin/css/base.css HTTP/1.0" 200 16066
INFO basehttp 124 "GET /static/admin/css/fonts.css HTTP/1.0" 200 423
INFO basehttp 124 "GET /static/admin/img/icon-changelink.svg HTTP/1.0" 200 380
INFO basehttp 124 "GET /static/admin/img/icon-addlink.svg HTTP/1.0" 200 331
INFO basehttp 124 "GET /static/admin/fonts/Roboto-Light-webfont.woff HTTP/1.0" 200 81348
INFO basehttp 124 "GET /static/admin/fonts/Roboto-Bold-webfont.woff HTTP/1.0" 200 82564
INFO basehttp 124 "GET /static/admin/fonts/Roboto-Regular-webfont.woff HTTP/1.0" 200 80304
INFO basehttp 124 "GET /admin/movie/movie/ HTTP/1.0" 200 29599
INFO basehttp 124 "GET /static/admin/js/core.js HTTP/1.0" 200 7976
INFO basehttp 124 "GET /static/admin/css/changelists.css HTTP/1.0" 200 6170
INFO basehttp 124 "GET /admin/jsi18n/ HTTP/1.0" 200 7682
INFO basehttp 124 "GET /static/admin/js/vendor/jquery/jquery.js HTTP/1.0" 200 258648
INFO basehttp 124 "GET /static/admin/js/jquery.init.js HTTP/1.0" 200 363
INFO basehttp 124 "GET /static/admin/js/admin/RelatedObjectLookups.js HTTP/1.0" 200 6591
INFO basehttp 124 "GET /static/admin/js/actions.js HTTP/1.0" 200 6501
INFO basehttp 124 "GET /static/admin/js/prepopulate.js HTTP/1.0" 200 1538
INFO basehttp 124 "GET /static/admin/js/urlify.js HTTP/1.0" 200 8186
INFO basehttp 124 "GET /static/admin/js/vendor/xregexp/xregexp.js HTTP/1.0" 200 128820
INFO basehttp 124 "GET /static/admin/img/tooltag-add.svg HTTP/1.0" 200 331
INFO basehttp 124 "GET /api/movies/?page=1 HTTP/1.0" 200 2811
INFO basehttp 124 "GET /api/cates/ HTTP/1.0" 200 246
INFO basehttp 124 "GET /api/tags/ HTTP/1.0" 200 283
INFO basehttp 124 "GET /api/evaluate/ HTTP/1.0" 200 600
INFO basehttp 124 "GET /api/friendlink/ HTTP/1.0" 200 134
INFO basehttp 124 "GET /api/clickrank/ HTTP/1.0" 200 907
INFO basehttp 124 "GET /api/movies/?page=1 HTTP/1.0" 200 2811
INFO basehttp 124 "GET /api/clickrank/ HTTP/1.0" 200 907
INFO basehttp 124 "GET /api/jpanhanmovielist/?page=1 HTTP/1.0" 200 3234
INFO basehttp 124 "GET /api/movies/?page=1 HTTP/1.0" 200 2811
INFO basehttp 124 "GET /api/friendlink/ HTTP/1.0" 200 134
INFO basehttp 124 "GET /api/cates/ HTTP/1.0" 200 246
INFO basehttp 124 "GET /api/tags/ HTTP/1.0" 200 283
INFO basehttp 124 "GET /api/friendlink/ HTTP/1.0" 200 134
INFO basehttp 124 "GET /api/evaluate/ HTTP/1.0" 200 600
INFO basehttp 124 "GET /api/movies/?page=1 HTTP/1.0" 200 2811
INFO basehttp 124 "GET /api/clickrank/ HTTP/1.0" 200 907
INFO basehttp 124 "GET /api/movies/218/ HTTP/1.0" 200 1164
INFO basehttp 124 "GET /api/movies/?page=1 HTTP/1.0" 200 2811
INFO basehttp 124 "GET /api/realtedmovie/cateid=3/?page=1 HTTP/1.0" 200 623
INFO basehttp 124 "GET /api/friendlink/ HTTP/1.0" 200 134
INFO basehttp 124 "GET /api/evaluate/ HTTP/1.0" 200 600
INFO basehttp 124 "GET /api/movies/?page=1 HTTP/1.0" 200 2811
INFO basehttp 124 "GET /api/clickrank/ HTTP/1.0" 200 907
INFO basehttp 124 "GET /api/search/q=%E7%8B%AC%E7%95%99/?page=1 HTTP/1.0" 200 273
INFO basehttp 124 "GET /api/friendlink/ HTTP/1.0" 200 134
INFO basehttp 124 "GET /api/evaluate/ HTTP/1.0" 200 600
INFO basehttp 124 "GET /api/movies/?page=1 HTTP/1.0" 200 2811
INFO basehttp 124 "GET /api/clickrank/ HTTP/1.0" 200 907
INFO basehttp 124 "GET /api/search/q=%E5%86%AF%E7%BB%8D%E5%B3%B0/?page=1 HTTP/1.0" 200 2769
INFO basehttp 124 "GET /api/friendlink/ HTTP/1.0" 200 134
INFO basehttp 124 "GET /api/evaluate/ HTTP/1.0" 200 600
INFO basehttp 124 "GET /api/clickrank/ HTTP/1.0" 200 907
INFO basehttp 124 "GET /api/movies/?page=1 HTTP/1.0" 200 2811
INFO basehttp 124 "GET /api/search/q=%E5%91%A8%E6%98%9F%E9%A9%B0/?page=1 HTTP/1.0" 200 2904
INFO basehttp 124 "GET /api/search/q=%E5%91%A8%E6%98%9F%E9%A9%B0/?page=3 HTTP/1.0" 200 2854
INFO basehttp 124 "GET /api/search/q=%E5%91%A8%E6%98%9F%E9%A9%B0/?page=4 HTTP/1.0" 200 1863
INFO basehttp 124 "GET /api/jpanhanmovielist/?page=1 HTTP/1.0" 200 3234
INFO basehttp 124 "GET /api/friendlink/ HTTP/1.0" 200 134
INFO basehttp 124 "GET /api/movies/?page=1 HTTP/1.0" 200 2811
INFO basehttp 124 "GET /api/clickrank/ HTTP/1.0" 200 907
INFO basehttp 124 "GET /api/clickrank/ HTTP/1.0" 200 907
INFO basehttp 124 "GET /api/friendlink/ HTTP/1.0" 200 134
INFO basehttp 124 "GET /api/occmovielist/?page=1 HTTP/1.0" 200 2856
INFO basehttp 124 "GET /api/movies/?page=1 HTTP/1.0" 200 2811
INFO basehttp 124 "GET /api/clickrank/ HTTP/1.0" 200 907
INFO basehttp 124 "GET /api/tags/ HTTP/1.0" 200 283
INFO basehttp 124 "GET /api/evaluate/ HTTP/1.0" 200 600
INFO basehttp 124 "GET /api/friendlink/ HTTP/1.0" 200 134
INFO basehttp 124 "GET /api/cates/ HTTP/1.0" 200 246
INFO basehttp 124 "GET /api/movies/?page=1 HTTP/1.0" 200 2811
INFO basehttp 124 "GET /api/movies/?page=1 HTTP/1.0" 200 2811
INFO basehttp 124 "GET /admin/ HTTP/1.0" 200 4771
INFO basehttp 124 "GET /admin/movie/connection_movie_actor/ HTTP/1.0" 200 31600
INFO basehttp 124 "GET /admin/jsi18n/ HTTP/1.0" 200 7682
INFO basehttp 124 "GET /admin/movie/connection_movie_actor/113673/change/ HTTP/1.0" 200 3338397
INFO basehttp 124 "GET /admin/jsi18n/ HTTP/1.0" 200 7682
INFO basehttp 124 "GET /static/admin/css/forms.css HTTP/1.0" 200 8173
INFO basehttp 124 "GET /static/admin/css/widgets.css HTTP/1.0" 200 10340
INFO basehttp 124 "GET /static/admin/img/icon-deletelink.svg HTTP/1.0" 200 392
INFO basehttp 124 "GET /static/admin/js/prepopulate_init.js HTTP/1.0" 200 495
INFO basehttp 124 "GET /static/admin/js/change_form.js HTTP/1.0" 200 712
INFO basehttp 124 "GET /api/inlandmovielist/?page=1 HTTP/1.0" 200 2695
INFO basehttp 124 "GET /api/clickrank/ HTTP/1.0" 200 907
INFO basehttp 124 "GET /api/friendlink/ HTTP/1.0" 200 134
INFO basehttp 124 "GET /api/movies/?page=1 HTTP/1.0" 200 2811
INFO basehttp 124 "GET /api/friendlink/ HTTP/1.0" 200 134
INFO basehttp 124 "GET /api/evaluaterankmovielist/?page=1 HTTP/1.0" 200 3068
INFO basehttp 124 "GET /api/clickrank/ HTTP/1.0" 200 907
INFO basehttp 124 "GET /api/movies/?page=1 HTTP/1.0" 200 2811
INFO basehttp 124 "GET /api/tags/ HTTP/1.0" 200 283
INFO basehttp 124 "GET /api/cates/ HTTP/1.0" 200 246
INFO basehttp 124 "GET /api/clickrank/ HTTP/1.0" 200 907
INFO basehttp 124 "GET /api/friendlink/ HTTP/1.0" 200 134
INFO basehttp 124 "GET /api/movies/?page=1 HTTP/1.0" 200 2811
INFO basehttp 124 "GET /api/evaluate/ HTTP/1.0" 200 600
INFO basehttp 124 "GET /api/movies/?page=1 HTTP/1.0" 200 2811
INFO basehttp 124 "GET /api/friendlink/ HTTP/1.0" 200 134
INFO basehttp 124 "GET /api/areas/ HTTP/1.0" 200 4082
INFO basehttp 124 "GET /api/evaluate/ HTTP/1.0" 200 600
INFO basehttp 124 "GET /api/clickrank/ HTTP/1.0" 200 907
INFO basehttp 124 "GET /api/movies/?page=1 HTTP/1.0" 200 2811
INFO basehttp 124 "GET /api/movies/?page=1 HTTP/1.0" 200 2811
INFO basehttp 124 "GET /api/friendlink/ HTTP/1.0" 200 134
INFO basehttp 124 "GET /api/clickrank/ HTTP/1.0" 200 907
INFO basehttp 124 "GET /api/evaluate/ HTTP/1.0" 200 600
INFO basehttp 124 "GET /api/subjects/ HTTP/1.0" 200 600
INFO basehttp 124 "GET /api/friendlink/ HTTP/1.0" 200 134
INFO basehttp 124 "GET /api/evaluate/ HTTP/1.0" 200 600
INFO basehttp 124 "GET /api/clickrank/ HTTP/1.0" 200 907
INFO basehttp 124 "GET /api/movies/?page=1 HTTP/1.0" 200 2811
INFO basehttp 124 "GET /api/querygetmovie/key=actors/id=1372/?page=1 HTTP/1.0" 200 2774
INFO basehttp 124 "GET /api/movies/?page=1 HTTP/1.0" 200 2811
INFO basehttp 124 "GET /api/friendlink/ HTTP/1.0" 200 134
INFO basehttp 124 "GET /api/clickrank/ HTTP/1.0" 200 907
INFO basehttp 124 "GET /api/jpanhanmovielist/?page=1 HTTP/1.0" 200 3234
INFO basehttp 124 "GET /api/jpanhanmovielist/?page=4 HTTP/1.0" 200 3080
INFO basehttp 124 "GET /api/jpanhanmovielist/?page=6 HTTP/1.0" 200 3060
INFO basehttp 124 "GET /api/jpanhanmovielist/?page=8 HTTP/1.0" 200 3061
INFO basehttp 124 "GET /api/jpanhanmovielist/?page=10 HTTP/1.0" 200 3129
INFO basehttp 124 "GET /api/jpanhanmovielist/?page=12 HTTP/1.0" 200 3089
INFO basehttp 124 "GET /api/clickrank/ HTTP/1.0" 200 907
INFO basehttp 124 "GET /api/friendlink/ HTTP/1.0" 200 134
INFO basehttp 124 "GET /api/evaluate/ HTTP/1.0" 200 600
INFO basehttp 124 "GET /api/movies/?page=1 HTTP/1.0" 200 2811
INFO basehttp 124 "GET /api/search/q=%E4%BD%A0%E5%A5%BD/?page=1 HTTP/1.0" 200 2872
INFO basehttp 124 "GET /api/friendlink/ HTTP/1.0" 200 134
INFO basehttp 124 "GET /api/evaluate/ HTTP/1.0" 200 600
INFO basehttp 124 "GET /api/movies/?page=1 HTTP/1.0" 200 2811
INFO basehttp 124 "GET /api/clickrank/ HTTP/1.0" 200 907
INFO basehttp 124 "GET /api/search/q=%E6%95%99%E5%B8%88/?page=1 HTTP/1.0" 200 2746
INFO basehttp 124 "GET /api/tags/ HTTP/1.0" 200 283
INFO basehttp 124 "GET /api/cates/ HTTP/1.0" 200 246
INFO basehttp 124 "GET /api/clickrank/ HTTP/1.0" 200 907
INFO basehttp 124 "GET /api/friendlink/ HTTP/1.0" 200 134
INFO basehttp 124 "GET /api/evaluate/ HTTP/1.0" 200 600
INFO basehttp 124 "GET /api/movies/?page=1 HTTP/1.0" 200 2811
INFO basehttp 124 "GET /api/movies/?page=1 HTTP/1.0" 200 2811
INFO basehttp 124 "GET /api/movies/481/ HTTP/1.0" 200 3177
INFO basehttp 124 "GET /api/movies/?page=1 HTTP/1.0" 200 2811
INFO basehttp 124 "GET /api/friendlink/ HTTP/1.0" 200 134
INFO basehttp 124 "GET /api/clickrank/ HTTP/1.0" 200 907
INFO basehttp 124 "GET /api/evaluaterankmovielist/?page=1 HTTP/1.0" 200 3068
INFO basehttp 124 "GET /api/realtedmovie/cateid=1-2-30-11-61-4-130-131-48-25-132-83-133-7-134-135-8-136-9-137-54-138/?page=1 HTTP/1.0" 200 685
INFO basehttp 124 "GET /api/clickrank/ HTTP/1.0" 200 907
INFO basehttp 124 "GET /api/friendlink/ HTTP/1.0" 200 134
INFO basehttp 124 "GET /api/evaluate/ HTTP/1.0" 200 600
INFO basehttp 124 "GET /api/movies/?page=1 HTTP/1.0" 200 2811
INFO basehttp 124 "GET /api/search/q=%E6%81%90%E6%80%96/?page=1 HTTP/1.0" 200 2781
INFO basehttp 124 "GET /api/clickrank/ HTTP/1.0" 200 907
INFO basehttp 124 "GET /api/friendlink/ HTTP/1.0" 200 134
INFO basehttp 124 "GET /api/evaluate/ HTTP/1.0" 200 600
INFO basehttp 124 "GET /api/movies/?page=1 HTTP/1.0" 200 2811
INFO basehttp 124 "GET /api/search/q=%E6%83%85%E8%89%B2/?page=1 HTTP/1.0" 200 2917
INFO basehttp 124 "GET /api/search/q=%E6%83%85%E8%89%B2/?page=3 HTTP/1.0" 200 3007
INFO basehttp 124 "GET /api/search/q=%E6%83%85%E8%89%B2/?page=5 HTTP/1.0" 200 2944
INFO basehttp 124 "GET /api/search/q=%E6%83%85%E8%89%B2/?page=5 HTTP/1.0" 200 2944
INFO basehttp 124 "GET /api/friendlink/ HTTP/1.0" 200 134
INFO basehttp 124 "GET /api/movies/?page=1 HTTP/1.0" 200 2811
INFO basehttp 124 "GET /api/clickrank/ HTTP/1.0" 200 907
INFO basehttp 124 "GET /api/jpanhanmovielist/?page=1 HTTP/1.0" 200 3234
INFO basehttp 124 "GET /api/inlandmovielist/?page=1 HTTP/1.0" 200 2695
INFO basehttp 124 "GET /api/friendlink/ HTTP/1.0" 200 134
INFO basehttp 124 "GET /api/clickrank/ HTTP/1.0" 200 907
INFO basehttp 124 "GET /api/movies/?page=1 HTTP/1.0" 200 2811
INFO basehttp 124 "GET /api/friendlink/ HTTP/1.0" 200 134
INFO basehttp 124 "GET /api/clickrank/ HTTP/1.0" 200 907
INFO basehttp 124 "GET /api/movies/?page=1 HTTP/1.0" 200 2811
INFO basehttp 124 "GET /api/evaluaterankmovielist/?page=1 HTTP/1.0" 200 3068
INFO basehttp 124 "GET /api/cates/ HTTP/1.0" 200 246
INFO basehttp 124 "GET /api/tags/ HTTP/1.0" 200 283
INFO basehttp 124 "GET /api/friendlink/ HTTP/1.0" 200 134
INFO basehttp 124 "GET /api/clickrank/ HTTP/1.0" 200 907
INFO basehttp 124 "GET /api/evaluate/ HTTP/1.0" 200 600
INFO basehttp 124 "GET /api/movies/?page=1 HTTP/1.0" 200 2811
INFO basehttp 124 "GET /api/movies/?page=1 HTTP/1.0" 200 2811
WARNING base 152 Not Found: /api/cates/29/
WARNING basehttp 124 "GET /api/cates/29/?page=[object%20MouseEvent] HTTP/1.0" 404 28
INFO basehttp 124 "GET /api/cates/29/?page=1 HTTP/1.0" 200 2704
WARNING base 152 Not Found: /api/cates/73/
WARNING basehttp 124 "GET /api/cates/73/?page=[object%20MouseEvent] HTTP/1.0" 404 28
INFO basehttp 124 "GET /api/cates/73/?page=1 HTTP/1.0" 200 2704
INFO basehttp 124 "GET /api/cates/115/?page=1 HTTP/1.0" 200 3010
INFO basehttp 124 "GET /api/cates/72/?page=1 HTTP/1.0" 200 2746
INFO basehttp 124 "GET /api/movies/?page=1 HTTP/1.0" 200 2811
INFO basehttp 124 "GET /api/tags/ HTTP/1.0" 200 283
INFO basehttp 124 "GET /api/cates/ HTTP/1.0" 200 246
INFO basehttp 124 "GET /api/clickrank/ HTTP/1.0" 200 907
INFO basehttp 124 "GET /api/evaluate/ HTTP/1.0" 200 600
INFO basehttp 124 "GET /api/friendlink/ HTTP/1.0" 200 134
INFO basehttp 124 "GET /api/movies/?page=1 HTTP/1.0" 200 2811
INFO basehttp 124 "GET /api/movies/?page=1 HTTP/1.0" 200 2811
INFO basehttp 124 "GET /api/cates/ HTTP/1.0" 200 246
INFO basehttp 124 "GET /api/clickrank/ HTTP/1.0" 200 907
INFO basehttp 124 "GET /api/tags/ HTTP/1.0" 200 283
INFO basehttp 124 "GET /api/evaluate/ HTTP/1.0" 200 600
INFO basehttp 124 "GET /api/movies/?page=1 HTTP/1.0" 200 2811
INFO basehttp 124 "GET /api/friendlink/ HTTP/1.0" 200 134
INFO basehttp 124 "GET /api/friendlink/ HTTP/1.0" 200 134
INFO basehttp 124 "GET /api/cates/ HTTP/1.0" 200 246
INFO basehttp 124 "GET /api/tags/ HTTP/1.0" 200 283
INFO basehttp 124 "GET /api/movies/?page=1 HTTP/1.0" 200 2811
INFO basehttp 124 "GET /api/evaluate/ HTTP/1.0" 200 600
INFO basehttp 124 "GET /api/clickrank/ HTTP/1.0" 200 907
INFO basehttp 124 "GET /api/movies/658/ HTTP/1.0" 200 1915
INFO basehttp 124 "GET /api/movies/?page=1 HTTP/1.0" 200 2811
INFO basehttp 124 "GET /api/realtedmovie/cateid=21/?page=1 HTTP/1.0" 200 622
INFO basehttp 124 "GET /api/movies/?page=1 HTTP/1.0" 200 2811
INFO basehttp 124 "GET /api/cates/ HTTP/1.0" 200 246
INFO basehttp 124 "GET /api/tags/ HTTP/1.0" 200 283
INFO basehttp 124 "GET /api/clickrank/ HTTP/1.0" 200 907
INFO basehttp 124 "GET /api/evaluate/ HTTP/1.0" 200 600
INFO basehttp 124 "GET /api/movies/?page=1 HTTP/1.0" 200 2811
INFO basehttp 124 "GET /api/friendlink/ HTTP/1.0" 200 134
INFO basehttp 124 "GET /api/movies/?page=1 HTTP/1.0" 200 2811
INFO basehttp 124 "GET /api/cates/ HTTP/1.0" 200 246
INFO basehttp 124 "GET /api/clickrank/ HTTP/1.0" 200 907
INFO basehttp 124 "GET /api/tags/ HTTP/1.0" 200 283
INFO basehttp 124 "GET /api/evaluate/ HTTP/1.0" 200 600
INFO basehttp 124 "GET /api/movies/?page=1 HTTP/1.0" 200 2811
INFO basehttp 124 "GET /api/friendlink/ HTTP/1.0" 200 134
INFO basehttp 124 "GET /api/movies/658/ HTTP/1.0" 200 1915
INFO basehttp 124 "GET /api/movies/?page=1 HTTP/1.0" 200 2811
INFO basehttp 124 "GET /api/cates/ HTTP/1.0" 200 246
INFO basehttp 124 "GET /api/friendlink/ HTTP/1.0" 200 134
INFO basehttp 124 "GET /api/tags/ HTTP/1.0" 200 283
INFO basehttp 124 "GET /api/clickrank/ HTTP/1.0" 200 907
INFO basehttp 124 "GET /api/evaluate/ HTTP/1.0" 200 600
INFO basehttp 124 "GET /api/movies/?page=1 HTTP/1.0" 200 2811
INFO basehttp 124 "GET /api/movies/32/ HTTP/1.0" 200 1341
INFO basehttp 124 "GET /api/realtedmovie/cateid=3-44/?page=1 HTTP/1.0" 200 626
INFO basehttp 124 "GET /api/evaluate/ HTTP/1.0" 200 600
INFO basehttp 124 "GET /api/friendlink/ HTTP/1.0" 200 134
INFO basehttp 124 "GET /api/querygetmovie/key=mnation/id=2/?page=1 HTTP/1.0" 200 2645
INFO basehttp 124 "GET /api/movies/?page=1 HTTP/1.0" 200 2811
INFO basehttp 124 "GET /api/clickrank/ HTTP/1.0" 200 907
INFO basehttp 124 "GET /api/evaluate/ HTTP/1.0" 200 600
INFO basehttp 124 "GET /api/areas/ HTTP/1.0" 200 4082
INFO basehttp 124 "GET /api/friendlink/ HTTP/1.0" 200 134
INFO basehttp 124 "GET /api/clickrank/ HTTP/1.0" 200 907
INFO basehttp 124 "GET /api/movies/?page=1 HTTP/1.0" 200 2811
INFO basehttp 124 "GET /admin/ HTTP/1.0" 200 4771
INFO basehttp 124 "GET /api/cates/ HTTP/1.0" 200 246
INFO basehttp 124 "GET /api/movies/?page=1 HTTP/1.0" 200 2811
INFO basehttp 124 "GET /api/tags/ HTTP/1.0" 200 283
INFO basehttp 124 "GET /api/clickrank/ HTTP/1.0" 200 907
INFO basehttp 124 "GET /api/friendlink/ HTTP/1.0" 200 134
INFO basehttp 124 "GET /api/evaluate/ HTTP/1.0" 200 600
INFO basehttp 124 "GET /api/movies/?page=1 HTTP/1.0" 200 2811
INFO basehttp 124 "GET /api/cates/ HTTP/1.0" 200 246
INFO basehttp 124 "GET /api/movies/?page=1 HTTP/1.0" 200 2811
INFO basehttp 124 "GET /api/clickrank/ HTTP/1.0" 200 907
INFO basehttp 124 "GET /api/tags/ HTTP/1.0" 200 283
INFO basehttp 124 "GET /api/friendlink/ HTTP/1.0" 200 134
INFO basehttp 124 "GET /api/evaluate/ HTTP/1.0" 200 600
INFO basehttp 124 "GET /api/friendlink/ HTTP/1.0" 200 134
INFO basehttp 124 "GET /api/evaluaterankmovielist/?page=1 HTTP/1.0" 200 3068
INFO basehttp 124 "GET /api/clickrank/ HTTP/1.0" 200 907
INFO basehttp 124 "GET /api/movies/?page=1 HTTP/1.0" 200 2811
INFO basehttp 124 "GET /api/cates/ HTTP/1.0" 200 246
INFO basehttp 124 "GET /api/tags/ HTTP/1.0" 200 283
INFO basehttp 124 "GET /api/movies/?page=1 HTTP/1.0" 200 2811
INFO basehttp 124 "GET /api/clickrank/ HTTP/1.0" 200 907
INFO basehttp 124 "GET /api/friendlink/ HTTP/1.0" 200 134
INFO basehttp 124 "GET /api/evaluate/ HTTP/1.0" 200 600
INFO basehttp 124 "GET /api/movies/2337/ HTTP/1.0" 200 782
INFO basehttp 124 "GET /api/realtedmovie/cateid=21-33/?page=1 HTTP/1.0" 200 619
INFO basehttp 124 "GET /api/realtedmovie/cateid=21-33/?page=1 HTTP/1.0" 200 619
INFO basehttp 124 "GET /api/realtedmovie/cateid=21-33/?page=1 HTTP/1.0" 200 619
INFO basehttp 124 "GET /api/cates/ HTTP/1.0" 200 246
INFO basehttp 124 "GET /api/friendlink/ HTTP/1.0" 200 134
INFO basehttp 124 "GET /api/tags/ HTTP/1.0" 200 283
INFO basehttp 124 "GET /api/clickrank/ HTTP/1.0" 200 907
INFO basehttp 124 "GET /api/evaluate/ HTTP/1.0" 200 600
INFO basehttp 124 "GET /api/movies/?page=1 HTTP/1.0" 200 2811
INFO basehttp 124 "GET /api/movies/?page=1 HTTP/1.0" 200 2811
INFO basehttp 124 "GET /api/cates/ HTTP/1.0" 200 246
INFO basehttp 124 "GET /api/tags/ HTTP/1.0" 200 283
INFO basehttp 124 "GET /api/clickrank/ HTTP/1.0" 200 907
INFO basehttp 124 "GET /api/evaluate/ HTTP/1.0" 200 600
INFO basehttp 124 "GET /api/movies/?page=1 HTTP/1.0" 200 2811
INFO basehttp 124 "GET /api/friendlink/ HTTP/1.0" 200 134
INFO basehttp 124 "GET /api/movies/?page=1 HTTP/1.0" 200 2811
INFO basehttp 124 "GET /api/tags/ HTTP/1.0" 200 283
INFO basehttp 124 "GET /api/movies/?page=1 HTTP/1.0" 200 2811
INFO basehttp 124 "GET /api/cates/ HTTP/1.0" 200 246
INFO basehttp 124 "GET /api/friendlink/ HTTP/1.0" 200 134
INFO basehttp 124 "GET /api/clickrank/ HTTP/1.0" 200 907
INFO basehttp 124 "GET /api/evaluate/ HTTP/1.0" 200 600
INFO basehttp 124 "GET /api/movies/?page=1 HTTP/1.0" 200 2811
INFO basehttp 124 "GET /api/cates/ HTTP/1.0" 200 246
INFO basehttp 124 "GET /api/friendlink/ HTTP/1.0" 200 134
INFO basehttp 124 "GET /api/movies/?page=1 HTTP/1.0" 200 2811
INFO basehttp 124 "GET /api/clickrank/ HTTP/1.0" 200 907
INFO basehttp 124 "GET /api/tags/ HTTP/1.0" 200 283
INFO basehttp 124 "GET /api/evaluate/ HTTP/1.0" 200 600
INFO basehttp 124 "GET /api/movies/?page=1 HTTP/1.0" 200 2811
INFO basehttp 124 "GET /api/cates/ HTTP/1.0" 200 246
INFO basehttp 124 "GET /api/tags/ HTTP/1.0" 200 283
INFO basehttp 124 "GET /api/friendlink/ HTTP/1.0" 200 134
INFO basehttp 124 "GET /api/movies/?page=1 HTTP/1.0" 200 2811
INFO basehttp 124 "GET /api/evaluate/ HTTP/1.0" 200 600
INFO basehttp 124 "GET /api/clickrank/ HTTP/1.0" 200 907
INFO basehttp 124 "GET /api/movies/?page=1 HTTP/1.0" 200 2811
INFO basehttp 124 "GET /api/cates/ HTTP/1.0" 200 246
INFO basehttp 124 "GET /api/movies/?page=1 HTTP/1.0" 200 2811
INFO basehttp 124 "GET /api/tags/ HTTP/1.0" 200 283
INFO basehttp 124 "GET /api/clickrank/ HTTP/1.0" 200 907
INFO basehttp 124 "GET /api/friendlink/ HTTP/1.0" 200 134
INFO basehttp 124 "GET /api/evaluate/ HTTP/1.0" 200 600
INFO basehttp 124 "GET /api/movies/?page=1 HTTP/1.0" 200 2811
INFO basehttp 124 "GET /api/friendlink/ HTTP/1.0" 200 134
INFO basehttp 124 "GET /api/clickrank/ HTTP/1.0" 200 907
INFO basehttp 124 "GET /api/occmovielist/?page=1 HTTP/1.0" 200 2856
INFO basehttp 124 "GET /api/movies/?page=1 HTTP/1.0" 200 2811
INFO basehttp 124 "GET /api/movies/?page=1 HTTP/1.0" 200 2811
INFO basehttp 124 "GET /api/cates/ HTTP/1.0" 200 246
INFO basehttp 124 "GET /api/tags/ HTTP/1.0" 200 283
INFO basehttp 124 "GET /api/clickrank/ HTTP/1.0" 200 907
INFO basehttp 124 "GET /api/evaluate/ HTTP/1.0" 200 600
INFO basehttp 124 "GET /api/movies/?page=1 HTTP/1.0" 200 2811
INFO basehttp 124 "GET /api/friendlink/ HTTP/1.0" 200 134
INFO basehttp 124 "GET /api/movies/60/ HTTP/1.0" 200 1972
INFO basehttp 124 "GET /api/realtedmovie/cateid=2-30-32/?page=1 HTTP/1.0" 200 620
INFO basehttp 124 "GET /api/movies/?page=1 HTTP/1.0" 200 2811
INFO basehttp 124 "GET /api/tags/ HTTP/1.0" 200 283
INFO basehttp 124 "GET /api/clickrank/ HTTP/1.0" 200 907
INFO basehttp 124 "GET /api/cates/ HTTP/1.0" 200 246
INFO basehttp 124 "GET /api/evaluate/ HTTP/1.0" 200 600
INFO basehttp 124 "GET /api/movies/?page=1 HTTP/1.0" 200 2811
INFO basehttp 124 "GET /api/friendlink/ HTTP/1.0" 200 134
INFO basehttp 124 "GET /api/movies/60/ HTTP/1.0" 200 1972
INFO basehttp 124 "GET /api/realtedmovie/cateid=2-30-32/?page=1 HTTP/1.0" 200 620
INFO basehttp 124 "GET /api/cates/ HTTP/1.0" 200 246
INFO basehttp 124 "GET /api/tags/ HTTP/1.0" 200 283
INFO basehttp 124 "GET /api/movies/?page=1 HTTP/1.0" 200 2811
INFO basehttp 124 "GET /api/clickrank/ HTTP/1.0" 200 907
INFO basehttp 124 "GET /api/movies/?page=1 HTTP/1.0" 200 2811
INFO basehttp 124 "GET /api/evaluate/ HTTP/1.0" 200 600
INFO basehttp 124 "GET /api/friendlink/ HTTP/1.0" 200 134
INFO basehttp 124 "GET /api/friendlink/ HTTP/1.0" 200 134
INFO basehttp 124 "GET /api/clickrank/ HTTP/1.0" 200 907
INFO basehttp 124 "GET /api/evaluate/ HTTP/1.0" 200 600
INFO basehttp 124 "GET /api/movies/?page=1 HTTP/1.0" 200 2811
INFO basehttp 124 "GET /api/search/q=%E5%86%AF%E7%BB%8D%E5%B3%B0/?page=1 HTTP/1.0" 200 2769
INFO basehttp 124 "GET /api/friendlink/ HTTP/1.0" 200 134
INFO basehttp 124 "GET /api/evaluate/ HTTP/1.0" 200 600
INFO basehttp 124 "GET /api/clickrank/ HTTP/1.0" 200 907
INFO basehttp 124 "GET /api/movies/?page=1 HTTP/1.0" 200 2811
INFO basehttp 124 "GET /api/search/q=%E5%86%AF%E7%BB%8D%E5%B3%B0/?page=1 HTTP/1.0" 200 2769
INFO basehttp 124 "GET /api/friendlink/ HTTP/1.0" 200 134
INFO basehttp 124 "GET /api/evaluate/ HTTP/1.0" 200 600
INFO basehttp 124 "GET /api/movies/?page=1 HTTP/1.0" 200 2811
INFO basehttp 124 "GET /api/clickrank/ HTTP/1.0" 200 907
INFO basehttp 124 "GET /api/search/q=%E5%86%AF%E7%BB%8D%E5%B3%B0/?page=1 HTTP/1.0" 200 2769
INFO basehttp 124 "GET /api/cates/ HTTP/1.0" 200 246
INFO basehttp 124 "GET /api/movies/?page=1 HTTP/1.0" 200 2811
INFO basehttp 124 "GET /api/tags/ HTTP/1.0" 200 283
INFO basehttp 124 "GET /api/clickrank/ HTTP/1.0" 200 907
INFO basehttp 124 "GET /api/friendlink/ HTTP/1.0" 200 134
INFO basehttp 124 "GET /api/evaluate/ HTTP/1.0" 200 600
INFO basehttp 124 "GET /api/movies/?page=1 HTTP/1.0" 200 2811
INFO basehttp 124 "GET /api/movies/?page=1 HTTP/1.0" 200 2811
INFO basehttp 124 "GET /api/cates/ HTTP/1.0" 200 246
INFO basehttp 124 "GET /api/tags/ HTTP/1.0" 200 283
INFO basehttp 124 "GET /api/clickrank/ HTTP/1.0" 200 907
INFO basehttp 124 "GET /api/evaluate/ HTTP/1.0" 200 600
INFO basehttp 124 "GET /api/friendlink/ HTTP/1.0" 200 134
INFO basehttp 124 "GET /api/movies/?page=1 HTTP/1.0" 200 2811
INFO basehttp 124 "GET /api/cates/ HTTP/1.0" 200 246
INFO basehttp 124 "GET /api/movies/?page=1 HTTP/1.0" 200 2811
INFO basehttp 124 "GET /api/tags/ HTTP/1.0" 200 283
INFO basehttp 124 "GET /api/friendlink/ HTTP/1.0" 200 134
INFO basehttp 124 "GET /api/clickrank/ HTTP/1.0" 200 907
INFO basehttp 124 "GET /api/evaluate/ HTTP/1.0" 200 600
INFO basehttp 124 "GET /api/movies/?page=1 HTTP/1.0" 200 2811
INFO basehttp 124 "GET /api/movies/777/ HTTP/1.0" 200 1508
INFO basehttp 124 "GET /api/realtedmovie/cateid=160-38/?page=1 HTTP/1.0" 200 595
INFO basehttp 124 "GET /api/movies/?page=1 HTTP/1.0" 200 2811
INFO basehttp 124 "GET /api/cates/ HTTP/1.0" 200 246
INFO basehttp 124 "GET /api/clickrank/ HTTP/1.0" 200 907
INFO basehttp 124 "GET /api/friendlink/ HTTP/1.0" 200 134
INFO basehttp 124 "GET /api/evaluate/ HTTP/1.0" 200 600
INFO basehttp 124 "GET /api/tags/ HTTP/1.0" 200 283
INFO basehttp 124 "GET /api/movies/?page=1 HTTP/1.0" 200 2811
INFO basehttp 124 "GET /api/movies/599/ HTTP/1.0" 200 2000
INFO basehttp 124 "GET /api/realtedmovie/cateid=1-21-2-4-25-20-121-26-73-7-9/?page=1 HTTP/1.0" 200 648
INFO basehttp 124 "GET /api/cates/ HTTP/1.0" 200 246
INFO basehttp 124 "GET /api/movies/?page=1 HTTP/1.0" 200 2811
INFO basehttp 124 "GET /api/clickrank/ HTTP/1.0" 200 907
INFO basehttp 124 "GET /api/tags/ HTTP/1.0" 200 283
INFO basehttp 124 "GET /api/friendlink/ HTTP/1.0" 200 134
INFO basehttp 124 "GET /api/evaluate/ HTTP/1.0" 200 600
INFO basehttp 124 "GET /api/movies/?page=1 HTTP/1.0" 200 2811
INFO basehttp 124 "GET /api/jpanhanmovielist/?page=1 HTTP/1.0" 200 3234
INFO basehttp 124 "GET /api/friendlink/ HTTP/1.0" 200 134
INFO basehttp 124 "GET /api/clickrank/ HTTP/1.0" 200 907
INFO basehttp 124 "GET /api/movies/?page=1 HTTP/1.0" 200 2811
INFO basehttp 124 "GET /api/jpanhanmovielist/?page=3 HTTP/1.0" 200 3270
INFO basehttp 124 "GET /api/jpanhanmovielist/?page=6 HTTP/1.0" 200 3060
INFO basehttp 124 "GET /api/jpanhanmovielist/?page=8 HTTP/1.0" 200 3061
INFO basehttp 124 "GET /api/friendlink/ HTTP/1.0" 200 134
INFO basehttp 124 "GET /api/occmovielist/?page=1 HTTP/1.0" 200 2856
INFO basehttp 124 "GET /api/movies/?page=1 HTTP/1.0" 200 2811
INFO basehttp 124 "GET /api/clickrank/ HTTP/1.0" 200 907
INFO basehttp 124 "GET /api/occmovielist/?page=6 HTTP/1.0" 200 2922
INFO basehttp 124 "GET /api/inlandmovielist/?page=1 HTTP/1.0" 200 2695
INFO basehttp 124 "GET /api/clickrank/ HTTP/1.0" 200 907
INFO basehttp 124 "GET /api/friendlink/ HTTP/1.0" 200 134
INFO basehttp 124 "GET /api/movies/?page=1 HTTP/1.0" 200 2811
INFO basehttp 124 "GET /api/occmovielist/?page=1 HTTP/1.0" 200 2856
INFO basehttp 124 "GET /api/friendlink/ HTTP/1.0" 200 134
INFO basehttp 124 "GET /api/movies/?page=1 HTTP/1.0" 200 2811
INFO basehttp 124 "GET /api/clickrank/ HTTP/1.0" 200 907
INFO basehttp 124 "GET /api/clickrank/ HTTP/1.0" 200 907
INFO basehttp 124 "GET /api/friendlink/ HTTP/1.0" 200 134
INFO basehttp 124 "GET /api/movies/?page=1 HTTP/1.0" 200 2811
INFO basehttp 124 "GET /api/inlandmovielist/?page=1 HTTP/1.0" 200 2695
INFO basehttp 124 "GET /api/friendlink/ HTTP/1.0" 200 134
INFO basehttp 124 "GET /api/clickrank/ HTTP/1.0" 200 907
INFO basehttp 124 "GET /api/movies/?page=1 HTTP/1.0" 200 2811
INFO basehttp 124 "GET /api/evaluaterankmovielist/?page=1 HTTP/1.0" 200 3068
INFO basehttp 124 "GET /api/tags/ HTTP/1.0" 200 283
INFO basehttp 124 "GET /api/cates/ HTTP/1.0" 200 246
INFO basehttp 124 "GET /api/friendlink/ HTTP/1.0" 200 134
INFO basehttp 124 "GET /api/clickrank/ HTTP/1.0" 200 907
INFO basehttp 124 "GET /api/evaluate/ HTTP/1.0" 200 600
INFO basehttp 124 "GET /api/movies/?page=1 HTTP/1.0" 200 2811
INFO basehttp 124 "GET /api/movies/?page=1 HTTP/1.0" 200 2811
INFO basehttp 124 "GET /api/cates/ HTTP/1.0" 200 246
INFO basehttp 124 "GET /api/movies/?page=1 HTTP/1.0" 200 2811
INFO basehttp 124 "GET /api/friendlink/ HTTP/1.0" 200 134
INFO basehttp 124 "GET /api/tags/ HTTP/1.0" 200 283
INFO basehttp 124 "GET /api/evaluate/ HTTP/1.0" 200 600
INFO basehttp 124 "GET /api/clickrank/ HTTP/1.0" 200 907
INFO basehttp 124 "GET /api/movies/?page=1 HTTP/1.0" 200 2811
INFO basehttp 124 "GET /api/movies/44/ HTTP/1.0" 200 1802
INFO basehttp 124 "GET /api/realtedmovie/cateid=13-22-26/?page=1 HTTP/1.0" 200 617
INFO basehttp 124 "GET /api/friendlink/ HTTP/1.0" 200 134
INFO basehttp 124 "GET /api/cates/ HTTP/1.0" 200 246
INFO basehttp 124 "GET /api/tags/ HTTP/1.0" 200 283
INFO basehttp 124 "GET /api/evaluate/ HTTP/1.0" 200 600
INFO basehttp 124 "GET /api/clickrank/ HTTP/1.0" 200 907
INFO basehttp 124 "GET /api/movies/?page=1 HTTP/1.0" 200 2811
INFO basehttp 124 "GET /api/movies/?page=1 HTTP/1.0" 200 2811
INFO basehttp 124 "GET /api/cates/ HTTP/1.0" 200 246
INFO basehttp 124 "GET /api/movies/?page=1 HTTP/1.0" 200 2811
INFO basehttp 124 "GET /api/clickrank/ HTTP/1.0" 200 907
INFO basehttp 124 "GET /api/tags/ HTTP/1.0" 200 283
INFO basehttp 124 "GET /api/friendlink/ HTTP/1.0" 200 134
INFO basehttp 124 "GET /api/evaluate/ HTTP/1.0" 200 600
INFO basehttp 124 "GET /api/movies/?page=1 HTTP/1.0" 200 2811
INFO basehttp 124 "GET /api/friendlink/ HTTP/1.0" 200 134
INFO basehttp 124 "GET /api/clickrank/ HTTP/1.0" 200 907
INFO basehttp 124 "GET /api/movies/?page=1 HTTP/1.0" 200 2811
INFO basehttp 124 "GET /api/evaluate/ HTTP/1.0" 200 600
INFO basehttp 124 "GET /api/search/q=%E4%BD%A0%E5%A5%BD/?page=1 HTTP/1.0" 200 2872
WARNING base 152 Not Found: /api/search/q=/
WARNING basehttp 124 "GET /api/search/q=/?page=1 HTTP/1.0" 404 6042
INFO basehttp 124 "GET /api/friendlink/ HTTP/1.0" 200 134
INFO basehttp 124 "GET /api/clickrank/ HTTP/1.0" 200 907
INFO basehttp 124 "GET /api/evaluate/ HTTP/1.0" 200 600
INFO basehttp 124 "GET /api/movies/?page=1 HTTP/1.0" 200 2811
INFO basehttp 124 "GET /api/cates/ HTTP/1.0" 200 246
INFO basehttp 124 "GET /api/tags/ HTTP/1.0" 200 283
INFO basehttp 124 "GET /api/movies/?page=1 HTTP/1.0" 200 2811
INFO basehttp 124 "GET /api/clickrank/ HTTP/1.0" 200 907
INFO basehttp 124 "GET /api/friendlink/ HTTP/1.0" 200 134
INFO basehttp 124 "GET /api/evaluate/ HTTP/1.0" 200 600
INFO basehttp 124 "GET /api/movies/?page=1 HTTP/1.0" 200 2811
INFO basehttp 124 "GET /api/cates/ HTTP/1.0" 200 246
INFO basehttp 124 "GET /api/friendlink/ HTTP/1.0" 200 134
INFO basehttp 124 "GET /api/tags/ HTTP/1.0" 200 283
INFO basehttp 124 "GET /api/clickrank/ HTTP/1.0" 200 907
INFO basehttp 124 "GET /api/evaluate/ HTTP/1.0" 200 600
INFO basehttp 124 "GET /api/movies/?page=1 HTTP/1.0" 200 2811
INFO basehttp 124 "GET /api/movies/?page=1 HTTP/1.0" 200 2811
INFO basehttp 124 "GET /api/realtedmovie/cateid%3D3/?page%3D1 HTTP/1.0" 200 633
WARNING base 152 Not Found: /api/search/q=%E6%81%90%E6%80%96/
WARNING basehttp 124 "GET /api/search/q%3D%25E6%2581%2590%25E6%2580%2596/?page%3D1 HTTP/1.0" 404 6110
WARNING base 152 Not Found: /api/search/q=/
WARNING basehttp 124 "GET /api/search/q=/?page=1 HTTP/1.0" 404 6042
INFO basehttp 124 "GET /api/friendlink/ HTTP/1.0" 200 134
INFO basehttp 124 "GET /api/clickrank/ HTTP/1.0" 200 907
INFO basehttp 124 "GET /api/evaluate/ HTTP/1.0" 200 600
INFO basehttp 124 "GET /api/movies/?page=1 HTTP/1.0" 200 2811
INFO basehttp 124 "GET /api/movies/?page=1 HTTP/1.0" 200 2811
INFO basehttp 124 "GET /api/clickrank/ HTTP/1.0" 200 907
INFO basehttp 124 "GET /api/cates/ HTTP/1.0" 200 246
INFO basehttp 124 "GET /api/tags/ HTTP/1.0" 200 283
INFO basehttp 124 "GET /api/friendlink/ HTTP/1.0" 200 134
INFO basehttp 124 "GET /api/evaluate/ HTTP/1.0" 200 600
INFO basehttp 124 "GET /api/movies/?page=1 HTTP/1.0" 200 2811
INFO basehttp 124 "GET /api/friendlink/ HTTP/1.0" 200 134
INFO basehttp 124 "GET /api/evaluate/ HTTP/1.0" 200 600
INFO basehttp 124 "GET /api/movies/?page=1 HTTP/1.0" 200 2811
INFO basehttp 124 "GET /api/clickrank/ HTTP/1.0" 200 907
/home/ubuntu/.virtualenvs/django/lib/python3.5/site-packages/rest_framework/pagination.py:198: UnorderedObjectListWarning: Pagination may yield inconsistent results with an unordered object_list: <class 'movie.models.Movie'> QuerySet.
  paginator = self.django_paginator_class(queryset, page_size)
INFO basehttp 124 "GET /api/search/q=%E5%98%BF%E5%98%BF/?page=1 HTTP/1.0" 200 52
INFO basehttp 124 "GET /api/friendlink/ HTTP/1.0" 200 134
INFO basehttp 124 "GET /api/clickrank/ HTTP/1.0" 200 907
INFO basehttp 124 "GET /api/evaluate/ HTTP/1.0" 200 600
INFO basehttp 124 "GET /api/movies/?page=1 HTTP/1.0" 200 2811
INFO basehttp 124 "GET /api/search/q=%E6%B5%81%E6%B5%AA%E5%9C%B0%E7%90%83/?page=1 HTTP/1.0" 200 213
INFO basehttp 124 "GET /api/friendlink/ HTTP/1.0" 200 134
INFO basehttp 124 "GET /api/clickrank/ HTTP/1.0" 200 907
INFO basehttp 124 "GET /api/evaluate/ HTTP/1.0" 200 600
INFO basehttp 124 "GET /api/movies/?page=1 HTTP/1.0" 200 2811
INFO basehttp 124 "GET /api/search/q=%E6%B5%81%E6%B5%AA/?page=1 HTTP/1.0" 200 2378
INFO basehttp 124 "GET /api/movies/?page=1 HTTP/1.0" 200 2811
INFO basehttp 124 "GET /api/evaluate/ HTTP/1.0" 200 600
INFO basehttp 124 "GET /api/cates/ HTTP/1.0" 200 246
INFO basehttp 124 "GET /api/tags/ HTTP/1.0" 200 283
INFO basehttp 124 "GET /api/clickrank/ HTTP/1.0" 200 907
INFO basehttp 124 "GET /api/friendlink/ HTTP/1.0" 200 134
INFO basehttp 124 "GET /api/movies/?page=1 HTTP/1.0" 200 2811
INFO basehttp 124 "GET /api/movies/?page=1 HTTP/1.0" 200 2811
INFO basehttp 124 "GET /api/clickrank/ HTTP/1.0" 200 907
INFO basehttp 124 "GET /api/tags/ HTTP/1.0" 200 283
INFO basehttp 124 "GET /api/cates/ HTTP/1.0" 200 246
INFO basehttp 124 "GET /api/friendlink/ HTTP/1.0" 200 134
INFO basehttp 124 "GET /api/evaluate/ HTTP/1.0" 200 600
INFO basehttp 124 "GET /api/movies/?page=1 HTTP/1.0" 200 2811
INFO basehttp 124 "GET /api/evaluaterankmovielist/?page=1 HTTP/1.0" 200 3068
INFO basehttp 124 "GET /api/friendlink/ HTTP/1.0" 200 134
INFO basehttp 124 "GET /api/clickrank/ HTTP/1.0" 200 907
INFO basehttp 124 "GET /api/movies/?page=1 HTTP/1.0" 200 2811
INFO basehttp 124 "GET /api/inlandmovielist/?page=1 HTTP/1.0" 200 2695
INFO basehttp 124 "GET /api/movies/?page=1 HTTP/1.0" 200 2811
INFO basehttp 124 "GET /api/clickrank/ HTTP/1.0" 200 907
INFO basehttp 124 "GET /api/friendlink/ HTTP/1.0" 200 134
INFO basehttp 124 "GET /api/cates/ HTTP/1.0" 200 246
INFO basehttp 124 "GET /api/movies/?page=1 HTTP/1.0" 200 2811
INFO basehttp 124 "GET /api/tags/ HTTP/1.0" 200 283
INFO basehttp 124 "GET /api/clickrank/ HTTP/1.0" 200 907
INFO basehttp 124 "GET /api/evaluate/ HTTP/1.0" 200 600
INFO basehttp 124 "GET /api/friendlink/ HTTP/1.0" 200 134
INFO basehttp 124 "GET /api/movies/?page=1 HTTP/1.0" 200 2811
INFO basehttp 124 "GET /api/movies/6/ HTTP/1.0" 200 2346
INFO basehttp 124 "GET /api/realtedmovie/cateid=1-13-21-4-23-5-6-7-8-9/?page=1 HTTP/1.0" 200 632
INFO basehttp 124 "GET /api/friendlink/ HTTP/1.0" 200 134
INFO basehttp 124 "GET /api/occmovielist/?page=1 HTTP/1.0" 200 2856
INFO basehttp 124 "GET /api/clickrank/ HTTP/1.0" 200 907
INFO basehttp 124 "GET /api/movies/?page=1 HTTP/1.0" 200 2811
INFO basehttp 124 "GET /api/cates/ HTTP/1.0" 200 246
INFO basehttp 124 "GET /api/tags/ HTTP/1.0" 200 283
INFO basehttp 124 "GET /api/friendlink/ HTTP/1.0" 200 134
INFO basehttp 124 "GET /api/evaluate/ HTTP/1.0" 200 600
INFO basehttp 124 "GET /api/movies/?page=1 HTTP/1.0" 200 2811
INFO basehttp 124 "GET /api/clickrank/ HTTP/1.0" 200 907
INFO basehttp 124 "GET /api/movies/?page=1 HTTP/1.0" 200 2811
INFO basehttp 124 "GET /api/movies/35/ HTTP/1.0" 200 2900
INFO basehttp 124 "GET /api/realtedmovie/cateid=2-46-32/?page=1 HTTP/1.0" 200 634
INFO basehttp 124 "GET /api/movies/?page=1 HTTP/1.0" 200 2811
INFO basehttp 124 "GET /api/cates/ HTTP/1.0" 200 246
INFO basehttp 124 "GET /api/clickrank/ HTTP/1.0" 200 907
INFO basehttp 124 "GET /api/tags/ HTTP/1.0" 200 283
INFO basehttp 124 "GET /api/friendlink/ HTTP/1.0" 200 134
INFO basehttp 124 "GET /api/evaluate/ HTTP/1.0" 200 600
INFO basehttp 124 "GET /api/movies/?page=1 HTTP/1.0" 200 2811
INFO basehttp 124 "GET /api/movies/46/ HTTP/1.0" 200 1285
INFO basehttp 124 "GET /api/realtedmovie/cateid=33/?page=1 HTTP/1.0" 200 617
INFO basehttp 124 "GET /api/friendlink/ HTTP/1.0" 200 134
INFO basehttp 124 "GET /api/clickrank/ HTTP/1.0" 200 907
INFO basehttp 124 "GET /api/evaluate/ HTTP/1.0" 200 600
INFO basehttp 124 "GET /api/movies/?page=1 HTTP/1.0" 200 2811
INFO basehttp 124 "GET /api/search/q=%E6%9C%9D%E8%8A%B1%E5%A4%95%E8%AA%93/?page=1 HTTP/1.0" 200 52
INFO basehttp 124 "GET /api/friendlink/ HTTP/1.0" 200 134
INFO basehttp 124 "GET /api/jpanhanmovielist/?page=1 HTTP/1.0" 200 3234
INFO basehttp 124 "GET /api/clickrank/ HTTP/1.0" 200 907
INFO basehttp 124 "GET /api/movies/?page=1 HTTP/1.0" 200 2811
INFO basehttp 124 "GET /static/admin/fonts/Roboto-Regular-webfont.woff HTTP/1.0" 200 80304
INFO basehttp 124 "GET /api/occmovielist/?page=1 HTTP/1.0" 200 2856
INFO basehttp 124 "GET /api/friendlink/ HTTP/1.0" 200 134
INFO basehttp 124 "GET /api/movies/?page=1 HTTP/1.0" 200 2811
INFO basehttp 124 "GET /api/clickrank/ HTTP/1.0" 200 907
INFO basehttp 124 "GET /api/movies/?page=1 HTTP/1.0" 200 2811
INFO basehttp 124 "GET /api/friendlink/ HTTP/1.0" 200 134
INFO basehttp 124 "GET /api/clickrank/ HTTP/1.0" 200 907
INFO basehttp 124 "GET /api/evaluate/ HTTP/1.0" 200 600
INFO basehttp 124 "GET /api/subjects/ HTTP/1.0" 200 600
INFO basehttp 124 "GET /api/querygetmovie/key=mnation/id=7/?page=1 HTTP/1.0" 200 2916
INFO basehttp 124 "GET /api/clickrank/ HTTP/1.0" 200 907
INFO basehttp 124 "GET /api/friendlink/ HTTP/1.0" 200 134
INFO basehttp 124 "GET /api/movies/?page=1 HTTP/1.0" 200 2811
INFO basehttp 124 "GET /api/evaluate/ HTTP/1.0" 200 600
INFO basehttp 124 "GET /api/clickrank/ HTTP/1.0" 200 907
INFO basehttp 124 "GET /api/cates/ HTTP/1.0" 200 246
INFO basehttp 124 "GET /api/tags/ HTTP/1.0" 200 283
INFO basehttp 124 "GET /api/movies/?page=1 HTTP/1.0" 200 2811
INFO basehttp 124 "GET /api/evaluate/ HTTP/1.0" 200 600
INFO basehttp 124 "GET /api/friendlink/ HTTP/1.0" 200 134
INFO basehttp 124 "GET /api/movies/?page=1 HTTP/1.0" 200 2811
INFO basehttp 124 "GET /api/movies/383/ HTTP/1.0" 200 1583
INFO basehttp 124 "GET /api/realtedmovie/cateid=33/?page=1 HTTP/1.0" 200 617
INFO basehttp 124 "GET /api/friendlink/ HTTP/1.0" 200 134
INFO basehttp 124 "GET /api/clickrank/ HTTP/1.0" 200 907
INFO basehttp 124 "GET /api/evaluate/ HTTP/1.0" 200 600
INFO basehttp 124 "GET /api/movies/?page=1 HTTP/1.0" 200 2811
INFO basehttp 124 "GET /api/search/q=%E6%B5%81%E6%B5%AA/?page=1 HTTP/1.0" 200 2378
INFO basehttp 124 "GET /api/tags/ HTTP/1.0" 200 283
INFO basehttp 124 "GET /api/cates/ HTTP/1.0" 200 246
INFO basehttp 124 "GET /api/clickrank/ HTTP/1.0" 200 907
INFO basehttp 124 "GET /api/movies/?page=1 HTTP/1.0" 200 2811
INFO basehttp 124 "GET /api/evaluate/ HTTP/1.0" 200 600
INFO basehttp 124 "GET /api/friendlink/ HTTP/1.0" 200 134
INFO basehttp 124 "GET /api/movies/?page=1 HTTP/1.0" 200 2811
INFO basehttp 124 "GET /api/movies/651/ HTTP/1.0" 200 2597
INFO basehttp 124 "GET /api/realtedmovie/cateid=1-30-11-12-61-4-39-108-6-76-134-65-8-66-67-9/?page=1 HTTP/1.0" 200 658
INFO basehttp 124 "GET /api/movies/?page=1 HTTP/1.0" 200 2811
INFO basehttp 124 "GET /api/cates/ HTTP/1.0" 200 246
INFO basehttp 124 "GET /api/tags/ HTTP/1.0" 200 283
INFO basehttp 124 "GET /api/friendlink/ HTTP/1.0" 200 134
INFO basehttp 124 "GET /api/clickrank/ HTTP/1.0" 200 907
INFO basehttp 124 "GET /api/evaluate/ HTTP/1.0" 200 600
INFO basehttp 124 "GET /api/movies/?page=1 HTTP/1.0" 200 2811
INFO basehttp 124 "GET /api/evaluate/ HTTP/1.0" 200 600
INFO basehttp 124 "GET /api/clickrank/ HTTP/1.0" 200 907
INFO basehttp 124 "GET /api/movies/?page=1 HTTP/1.0" 200 2811
INFO basehttp 124 "GET /api/friendlink/ HTTP/1.0" 200 134
INFO basehttp 124 "GET /api/areas/ HTTP/1.0" 200 4082
INFO basehttp 124 "GET /api/friendlink/ HTTP/1.0" 200 134
INFO basehttp 124 "GET /api/evaluate/ HTTP/1.0" 200 600
INFO basehttp 124 "GET /api/movies/?page=1 HTTP/1.0" 200 2811
INFO basehttp 124 "GET /api/areas/ HTTP/1.0" 200 4082
INFO basehttp 124 "GET /api/clickrank/ HTTP/1.0" 200 907
INFO basehttp 124 "GET /api/friendlink/ HTTP/1.0" 200 134
INFO basehttp 124 "GET /api/querygetmovie/key=mnation/id=124/?page=1 HTTP/1.0" 200 394
INFO basehttp 124 "GET /api/evaluate/ HTTP/1.0" 200 600
INFO basehttp 124 "GET /api/movies/?page=1 HTTP/1.0" 200 2811
INFO basehttp 124 "GET /api/clickrank/ HTTP/1.0" 200 907
INFO basehttp 124 "GET /api/cates/ HTTP/1.0" 200 246
INFO basehttp 124 "GET /api/tags/ HTTP/1.0" 200 283
INFO basehttp 124 "GET /api/movies/?page=1 HTTP/1.0" 200 2811
INFO basehttp 124 "GET /api/clickrank/ HTTP/1.0" 200 907
INFO basehttp 124 "GET /api/evaluate/ HTTP/1.0" 200 600
INFO basehttp 124 "GET /api/friendlink/ HTTP/1.0" 200 134
INFO basehttp 124 "GET /api/movies/?page=1 HTTP/1.0" 200 2811
INFO basehttp 124 "GET /api/movies/14869/ HTTP/1.0" 200 1745
INFO basehttp 124 "GET /api/realtedmovie/cateid=3-2-31/?page=1 HTTP/1.0" 200 632
INFO basehttp 124 "GET /api/cates/ HTTP/1.0" 200 246
INFO basehttp 124 "GET /api/movies/?page=1 HTTP/1.0" 200 2811
INFO basehttp 124 "GET /api/clickrank/ HTTP/1.0" 200 907
INFO basehttp 124 "GET /api/tags/ HTTP/1.0" 200 283
INFO basehttp 124 "GET /api/friendlink/ HTTP/1.0" 200 134
INFO basehttp 124 "GET /api/evaluate/ HTTP/1.0" 200 600
INFO basehttp 124 "GET /api/movies/?page=1 HTTP/1.0" 200 2811
WARNING base 152 Not Found: /api/cates/29/
WARNING basehttp 124 "GET /api/cates/29/?page=[object%20MouseEvent] HTTP/1.0" 404 28
INFO basehttp 124 "GET /api/cates/29/?page=1 HTTP/1.0" 200 2704
INFO basehttp 124 "GET /api/tags/ HTTP/1.0" 200 283
INFO basehttp 124 "GET /api/movies/?page=1 HTTP/1.0" 200 2811
INFO basehttp 124 "GET /api/friendlink/ HTTP/1.0" 200 134
INFO basehttp 124 "GET /api/cates/ HTTP/1.0" 200 246
INFO basehttp 124 "GET /api/evaluate/ HTTP/1.0" 200 600
INFO basehttp 124 "GET /api/clickrank/ HTTP/1.0" 200 907
INFO basehttp 124 "GET /api/movies/?page=1 HTTP/1.0" 200 2811
INFO basehttp 124 "GET /api/movies/9/ HTTP/1.0" 200 2307
INFO basehttp 124 "GET /api/friendlink/ HTTP/1.0" 200 134
INFO basehttp 124 "GET /api/cates/ HTTP/1.0" 200 246
INFO basehttp 124 "GET /api/tags/ HTTP/1.0" 200 283
INFO basehttp 124 "GET /api/clickrank/ HTTP/1.0" 200 907
INFO basehttp 124 "GET /api/evaluate/ HTTP/1.0" 200 600
INFO basehttp 124 "GET /api/movies/?page=1 HTTP/1.0" 200 2811
INFO basehttp 124 "GET /api/movies/?page=1 HTTP/1.0" 200 2811
INFO basehttp 124 "GET /api/realtedmovie/cateid=1-13-2-4-25-6-26-7-27-8-28-29/?page=1 HTTP/1.0" 200 638
INFO basehttp 124 "GET /api/friendlink/ HTTP/1.0" 200 134
INFO basehttp 124 "GET /api/tags/ HTTP/1.0" 200 283
INFO basehttp 124 "GET /api/cates/ HTTP/1.0" 200 246
INFO basehttp 124 "GET /api/evaluate/ HTTP/1.0" 200 600
INFO basehttp 124 "GET /api/clickrank/ HTTP/1.0" 200 907
INFO basehttp 124 "GET /api/movies/?page=1 HTTP/1.0" 200 2811
INFO basehttp 124 "GET /api/movies/?page=1 HTTP/1.0" 200 2811
INFO basehttp 124 "GET /api/cates/ HTTP/1.0" 200 246
INFO basehttp 124 "GET /api/friendlink/ HTTP/1.0" 200 134
INFO basehttp 124 "GET /api/tags/ HTTP/1.0" 200 283
INFO basehttp 124 "GET /api/evaluate/ HTTP/1.0" 200 600
INFO basehttp 124 "GET /api/clickrank/ HTTP/1.0" 200 907
INFO basehttp 124 "GET /api/movies/?page=1 HTTP/1.0" 200 2811
INFO basehttp 124 "GET /api/movies/?page=1 HTTP/1.0" 200 2811
INFO basehttp 124 "GET /api/friendlink/ HTTP/1.0" 200 134
INFO basehttp 124 "GET /api/clickrank/ HTTP/1.0" 200 907
INFO basehttp 124 "GET /api/evaluate/ HTTP/1.0" 200 600
INFO basehttp 124 "GET /api/cates/ HTTP/1.0" 200 246
INFO basehttp 124 "GET /api/tags/ HTTP/1.0" 200 283
INFO basehttp 124 "GET /api/movies/?page=1 HTTP/1.0" 200 2811
INFO basehttp 124 "GET /api/movies/?page=1 HTTP/1.0" 200 2811
INFO basehttp 124 "GET /api/evaluate/ HTTP/1.0" 200 600
INFO basehttp 124 "GET /api/friendlink/ HTTP/1.0" 200 134
INFO basehttp 124 "GET /api/tags/ HTTP/1.0" 200 283
INFO basehttp 124 "GET /api/cates/ HTTP/1.0" 200 246
INFO basehttp 124 "GET /api/movies/?page=1 HTTP/1.0" 200 2811
INFO basehttp 124 "GET /api/clickrank/ HTTP/1.0" 200 907
INFO basehttp 124 "GET /api/movies/?page=1 HTTP/1.0" 200 2811
INFO basehttp 124 "GET /api/friendlink/ HTTP/1.0" 200 134
INFO basehttp 124 "GET /api/evaluaterankmovielist/?page=1 HTTP/1.0" 200 3068
INFO basehttp 124 "GET /api/clickrank/ HTTP/1.0" 200 907
INFO basehttp 124 "GET /api/movies/?page=1 HTTP/1.0" 200 2811
INFO basehttp 124 "GET /api/friendlink/ HTTP/1.0" 200 134
INFO basehttp 124 "GET /api/evaluate/ HTTP/1.0" 200 600
INFO basehttp 124 "GET /api/tags/ HTTP/1.0" 200 283
INFO basehttp 124 "GET /api/cates/ HTTP/1.0" 200 246
INFO basehttp 124 "GET /api/clickrank/ HTTP/1.0" 200 907
INFO basehttp 124 "GET /api/movies/?page=1 HTTP/1.0" 200 2811
INFO basehttp 124 "GET /api/movies/13581/ HTTP/1.0" 200 2509
INFO basehttp 124 "GET /api/movies/?page=1 HTTP/1.0" 200 2811
INFO basehttp 124 "GET /api/realtedmovie/cateid=449-450-451/?page=1 HTTP/1.0" 200 236
INFO basehttp 124 "GET /api/friendlink/ HTTP/1.0" 200 134
INFO basehttp 124 "GET /api/clickrank/ HTTP/1.0" 200 907
INFO basehttp 124 "GET /api/movies/?page=1 HTTP/1.0" 200 2811
INFO basehttp 124 "GET /api/evaluaterankmovielist/?page=1 HTTP/1.0" 200 3068
INFO basehttp 124 "GET /api/movies/?page=1 HTTP/1.0" 200 2811
INFO basehttp 124 "GET /api/friendlink/ HTTP/1.0" 200 134
INFO basehttp 124 "GET /api/tags/ HTTP/1.0" 200 283
INFO basehttp 124 "GET /api/cates/ HTTP/1.0" 200 246
INFO basehttp 124 "GET /api/clickrank/ HTTP/1.0" 200 907
INFO basehttp 124 "GET /api/evaluate/ HTTP/1.0" 200 600
INFO basehttp 124 "GET /api/movies/?page=1 HTTP/1.0" 200 2811
INFO basehttp 124 "GET /api/friendlink/ HTTP/1.0" 200 134
INFO basehttp 124 "GET /api/movies/?page=1 HTTP/1.0" 200 2811
INFO basehttp 124 "GET /api/clickrank/ HTTP/1.0" 200 907
INFO basehttp 124 "GET /api/evaluaterankmovielist/?page=1 HTTP/1.0" 200 3068
INFO basehttp 124 "GET /api/friendlink/ HTTP/1.0" 200 134
INFO basehttp 124 "GET /api/areas/ HTTP/1.0" 200 4082
INFO basehttp 124 "GET /api/evaluate/ HTTP/1.0" 200 600
INFO basehttp 124 "GET /api/movies/?page=1 HTTP/1.0" 200 2811
INFO basehttp 124 "GET /api/clickrank/ HTTP/1.0" 200 907
INFO basehttp 124 "GET /api/friendlink/ HTTP/1.0" 200 134
INFO basehttp 124 "GET /api/inlandmovielist/?page=1 HTTP/1.0" 200 2695
INFO basehttp 124 "GET /api/clickrank/ HTTP/1.0" 200 907
INFO basehttp 124 "GET /api/movies/?page=1 HTTP/1.0" 200 2811
INFO basehttp 124 "GET /api/friendlink/ HTTP/1.0" 200 134
INFO basehttp 124 "GET /api/occmovielist/?page=1 HTTP/1.0" 200 2856
INFO basehttp 124 "GET /api/clickrank/ HTTP/1.0" 200 907
INFO basehttp 124 "GET /api/movies/?page=1 HTTP/1.0" 200 2811
Performing system checks...

System check identified no issues (0 silenced).
February 23, 2019 - 10:32:45
Django version 1.11.11, using settings 'movie_web.settings.dev'
Starting development server at http://127.0.0.1:6000/
Quit the server with CONTROL-C.
INFO basehttp 124 "GET /api/movies/?page=1 HTTP/1.0" 200 2811
INFO basehttp 124 "GET /api/clickrank/ HTTP/1.0" 200 907
INFO basehttp 124 "GET /api/friendlink/ HTTP/1.0" 200 134
INFO basehttp 124 "GET /api/tags/ HTTP/1.0" 200 283
INFO basehttp 124 "GET /api/cates/ HTTP/1.0" 200 246
INFO basehttp 124 "GET /api/evaluate/ HTTP/1.0" 200 600
INFO basehttp 124 "GET /api/movies/?page=1 HTTP/1.0" 200 2811
INFO basehttp 124 "GET /api/movies/14997/ HTTP/1.0" 200 1123
INFO basehttp 124 "GET /api/realtedmovie/cateid=3/?page=1 HTTP/1.0" 200 623
INFO basehttp 124 "GET /api/cates/ HTTP/1.0" 200 246
INFO basehttp 124 "GET /api/movies/?page=1 HTTP/1.0" 200 2811
INFO basehttp 124 "GET /api/tags/ HTTP/1.0" 200 283
INFO basehttp 124 "GET /api/friendlink/ HTTP/1.0" 200 134
INFO basehttp 124 "GET /api/evaluate/ HTTP/1.0" 200 600
INFO basehttp 124 "GET /api/clickrank/ HTTP/1.0" 200 907
INFO basehttp 124 "GET /api/movies/?page=1 HTTP/1.0" 200 2811
INFO basehttp 124 "GET /api/movies/?page=1 HTTP/1.0" 200 2811
INFO basehttp 124 "GET /api/cates/ HTTP/1.0" 200 246
INFO basehttp 124 "GET /api/evaluate/ HTTP/1.0" 200 600
INFO basehttp 124 "GET /api/tags/ HTTP/1.0" 200 283
INFO basehttp 124 "GET /api/friendlink/ HTTP/1.0" 200 134
INFO basehttp 124 "GET /api/clickrank/ HTTP/1.0" 200 907
INFO basehttp 124 "GET /api/movies/?page=1 HTTP/1.0" 200 2811
INFO basehttp 124 "GET /api/movies/169/ HTTP/1.0" 200 2383
INFO basehttp 124 "GET /api/evaluate/ HTTP/1.0" 200 600
INFO basehttp 124 "GET /api/friendlink/ HTTP/1.0" 200 134
INFO basehttp 124 "GET /api/clickrank/ HTTP/1.0" 200 907
INFO basehttp 124 "GET /api/movies/?page=1 HTTP/1.0" 200 2811
INFO basehttp 124 "GET /api/clickrank/ HTTP/1.0" 200 907
INFO basehttp 124 "GET /api/cates/ HTTP/1.0" 200 246
INFO basehttp 124 "GET /api/tags/ HTTP/1.0" 200 283
INFO basehttp 124 "GET /api/movies/?page=1 HTTP/1.0" 200 2811
INFO basehttp 124 "GET /api/friendlink/ HTTP/1.0" 200 134
INFO basehttp 124 "GET /api/evaluate/ HTTP/1.0" 200 600
INFO basehttp 124 "GET /api/movies/?page=1 HTTP/1.0" 200 2811
INFO basehttp 124 "GET /api/movies/169/ HTTP/1.0" 200 2383
INFO basehttp 124 "GET /api/clickrank/ HTTP/1.0" 200 907
INFO basehttp 124 "GET /api/movies/?page=1 HTTP/1.0" 200 2811
INFO basehttp 124 "GET /api/friendlink/ HTTP/1.0" 200 134
INFO basehttp 124 "GET /api/evaluate/ HTTP/1.0" 200 600
INFO basehttp 124 "GET /api/friendlink/ HTTP/1.0" 200 134
INFO basehttp 124 "GET /api/movies/?page=1 HTTP/1.0" 200 2811
/home/ubuntu/.virtualenvs/django/lib/python3.5/site-packages/rest_framework/pagination.py:198: UnorderedObjectListWarning: Pagination may yield inconsistent results with an unordered object_list: <class 'movie.models.Movie'> QuerySet.
  paginator = self.django_paginator_class(queryset, page_size)
INFO basehttp 124 "GET /api/clickrank/ HTTP/1.0" 200 907
INFO basehttp 124 "GET /api/inlandmovielist/?page=1 HTTP/1.0" 200 2695
INFO basehttp 124 "GET /api/friendlink/ HTTP/1.0" 200 134
INFO basehttp 124 "GET /api/movies/?page=1 HTTP/1.0" 200 2811
INFO basehttp 124 "GET /api/clickrank/ HTTP/1.0" 200 907
INFO basehttp 124 "GET /api/evaluate/ HTTP/1.0" 200 600
INFO basehttp 124 "GET /api/areas/ HTTP/1.0" 200 4082
INFO basehttp 124 "GET /api/evaluate/ HTTP/1.0" 200 600
INFO basehttp 124 "GET /api/friendlink/ HTTP/1.0" 200 134
INFO basehttp 124 "GET /api/clickrank/ HTTP/1.0" 200 907
INFO basehttp 124 "GET /api/querygetmovie/key=mnation/id=5/?page=1 HTTP/1.0" 200 2777
INFO basehttp 124 "GET /api/movies/?page=1 HTTP/1.0" 200 2811
INFO basehttp 124 "GET /api/querygetmovie/key=categorys/id=30/?page=1 HTTP/1.0" 200 2747
INFO basehttp 124 "GET /api/tags/ HTTP/1.0" 200 283
INFO basehttp 124 "GET /api/evaluate/ HTTP/1.0" 200 600
INFO basehttp 124 "GET /api/clickrank/ HTTP/1.0" 200 907
INFO basehttp 124 "GET /api/cates/ HTTP/1.0" 200 246
INFO basehttp 124 "GET /api/movies/?page=1 HTTP/1.0" 200 2811
INFO basehttp 124 "GET /api/friendlink/ HTTP/1.0" 200 134
INFO basehttp 124 "GET /api/movies/?page=1 HTTP/1.0" 200 2811
INFO basehttp 124 "GET /api/movies/98/ HTTP/1.0" 200 2496
